<?xml version="1.0" encoding="UTF-8"?>
<!-- Generated by org.testng.reporters.JUnitXMLReporter -->
<testsuite hostname="Pradeeppandey" name="Upload pic" tests="1" failures="1" timestamp="11 Jun 2015 08:56:48 GMT" time="0.004" errors="0">
  <testcase name="uploadpic" time="0.002" classname="testcases.uploadpic">
    <failure type="java.lang.AssertionError" message="The error message display here expected [true] but found [false]">
      <![CDATA[java.lang.AssertionError: The error message display here expected [true] but found [false]
	at testcases.uploadpic.uploadpic(uploadpic.java:17)
... Removed 27 stack frames]]>
    </failure>
  </testcase> <!-- uploadpic -->
</testsuite> <!-- Upload pic -->
